[11-Nov-2015 10:17:48 UTC] PHP Parse error:  syntax error, unexpected 'return' (T_RETURN) in /home/ubuntu/workspace/wp-content/themes/industry/functions.php on line 36
[11-Nov-2015 10:17:48 UTC] PHP Stack trace:
[11-Nov-2015 10:17:48 UTC] PHP   1. {main}() /home/ubuntu/workspace/wp-admin/admin-ajax.php:0
[11-Nov-2015 10:17:48 UTC] PHP   2. require_once() /home/ubuntu/workspace/wp-admin/admin-ajax.php:22
[11-Nov-2015 10:17:48 UTC] PHP   3. require_once() /home/ubuntu/workspace/wp-load.php:37
[11-Nov-2015 10:17:48 UTC] PHP   4. require_once() /home/ubuntu/workspace/wp-config.php:92
[11-Nov-2015 10:44:25 UTC] WordPress database error Unknown column 'action' in 'field list' for query INSERT INTO `contact_logs` (`ip`, `action`, `browser`) VALUES ('10.240.0.44', 'test', 'default') made by do_action('wp_ajax_log'), call_user_func_array, ContactLogs->ajax_log
[11-Nov-2015 11:24:37 UTC] PHP Warning:  get_browser(): browscap ini directive not set in /home/ubuntu/workspace/wp-content/plugins/contact-messages/contact-messages.php on line 46
[11-Nov-2015 11:24:37 UTC] PHP Stack trace:
[11-Nov-2015 11:24:37 UTC] PHP   1. {main}() /home/ubuntu/workspace/wp-admin/admin-ajax.php:0
[11-Nov-2015 11:24:37 UTC] PHP   2. do_action() /home/ubuntu/workspace/wp-admin/admin-ajax.php:89
[11-Nov-2015 11:24:37 UTC] PHP   3. call_user_func_array:{/home/ubuntu/workspace/wp-includes/plugin.php:503}() /home/ubuntu/workspace/wp-includes/plugin.php:503
[11-Nov-2015 11:24:37 UTC] PHP   4. ContactLogs->ajax_contact_log() /home/ubuntu/workspace/wp-includes/plugin.php:503
[11-Nov-2015 11:24:37 UTC] PHP   5. get_browser() /home/ubuntu/workspace/wp-content/plugins/contact-messages/contact-messages.php:46
[11-Nov-2015 11:32:34 UTC] PHP Warning:  get_browser(): browscap ini directive not set in /home/ubuntu/workspace/wp-content/plugins/contact-messages/contact-messages.php on line 101
[11-Nov-2015 11:32:34 UTC] PHP Stack trace:
[11-Nov-2015 11:32:34 UTC] PHP   1. {main}() /home/ubuntu/workspace/wp-admin/admin-ajax.php:0
[11-Nov-2015 11:32:34 UTC] PHP   2. do_action() /home/ubuntu/workspace/wp-admin/admin-ajax.php:89
[11-Nov-2015 11:32:34 UTC] PHP   3. call_user_func_array:{/home/ubuntu/workspace/wp-includes/plugin.php:503}() /home/ubuntu/workspace/wp-includes/plugin.php:503
[11-Nov-2015 11:32:34 UTC] PHP   4. ContactLogs->ajax_contact_log() /home/ubuntu/workspace/wp-includes/plugin.php:503
[11-Nov-2015 11:32:34 UTC] PHP   5. ContactLogs->getBrowser() /home/ubuntu/workspace/wp-content/plugins/contact-messages/contact-messages.php:45
[11-Nov-2015 11:32:34 UTC] PHP   6. get_browser() /home/ubuntu/workspace/wp-content/plugins/contact-messages/contact-messages.php:101
[16-Nov-2015 05:41:57 UTC] PHP Warning:  Attempt to assign property of non-object in /home/ubuntu/workspace/wp-content/plugins/form-processor/form-processor.php on line 59
[16-Nov-2015 05:41:57 UTC] PHP Stack trace:
[16-Nov-2015 05:41:57 UTC] PHP   1. {main}() /home/ubuntu/workspace/wp-admin/admin-ajax.php:0
[16-Nov-2015 05:41:57 UTC] PHP   2. do_action() /home/ubuntu/workspace/wp-admin/admin-ajax.php:99
[16-Nov-2015 05:41:57 UTC] PHP   3. call_user_func_array:{/home/ubuntu/workspace/wp-includes/plugin.php:503}() /home/ubuntu/workspace/wp-includes/plugin.php:503
[16-Nov-2015 05:41:57 UTC] PHP   4. FormProcessor->ajax_login() /home/ubuntu/workspace/wp-includes/plugin.php:503
[16-Nov-2015 05:42:00 UTC] PHP Warning:  Attempt to assign property of non-object in /home/ubuntu/workspace/wp-content/plugins/form-processor/form-processor.php on line 59
[16-Nov-2015 05:42:00 UTC] PHP Stack trace:
[16-Nov-2015 05:42:00 UTC] PHP   1. {main}() /home/ubuntu/workspace/wp-admin/admin-ajax.php:0
[16-Nov-2015 05:42:00 UTC] PHP   2. do_action() /home/ubuntu/workspace/wp-admin/admin-ajax.php:99
[16-Nov-2015 05:42:00 UTC] PHP   3. call_user_func_array:{/home/ubuntu/workspace/wp-includes/plugin.php:503}() /home/ubuntu/workspace/wp-includes/plugin.php:503
[16-Nov-2015 05:42:00 UTC] PHP   4. FormProcessor->ajax_login() /home/ubuntu/workspace/wp-includes/plugin.php:503
[16-Nov-2015 05:42:02 UTC] PHP Warning:  Attempt to assign property of non-object in /home/ubuntu/workspace/wp-content/plugins/form-processor/form-processor.php on line 59
[16-Nov-2015 05:42:02 UTC] PHP Stack trace:
[16-Nov-2015 05:42:02 UTC] PHP   1. {main}() /home/ubuntu/workspace/wp-admin/admin-ajax.php:0
[16-Nov-2015 05:42:02 UTC] PHP   2. do_action() /home/ubuntu/workspace/wp-admin/admin-ajax.php:99
[16-Nov-2015 05:42:02 UTC] PHP   3. call_user_func_array:{/home/ubuntu/workspace/wp-includes/plugin.php:503}() /home/ubuntu/workspace/wp-includes/plugin.php:503
[16-Nov-2015 05:42:02 UTC] PHP   4. FormProcessor->ajax_login() /home/ubuntu/workspace/wp-includes/plugin.php:503
[16-Nov-2015 05:42:30 UTC] PHP Warning:  Attempt to assign property of non-object in /home/ubuntu/workspace/wp-content/plugins/form-processor/form-processor.php on line 53
[16-Nov-2015 05:42:30 UTC] PHP Stack trace:
[16-Nov-2015 05:42:30 UTC] PHP   1. {main}() /home/ubuntu/workspace/wp-admin/admin-ajax.php:0
[16-Nov-2015 05:42:30 UTC] PHP   2. do_action() /home/ubuntu/workspace/wp-admin/admin-ajax.php:99
[16-Nov-2015 05:42:30 UTC] PHP   3. call_user_func_array:{/home/ubuntu/workspace/wp-includes/plugin.php:503}() /home/ubuntu/workspace/wp-includes/plugin.php:503
[16-Nov-2015 05:42:30 UTC] PHP   4. FormProcessor->ajax_login() /home/ubuntu/workspace/wp-includes/plugin.php:503
[16-Nov-2015 05:42:33 UTC] PHP Warning:  Attempt to assign property of non-object in /home/ubuntu/workspace/wp-content/plugins/form-processor/form-processor.php on line 53
[16-Nov-2015 05:42:33 UTC] PHP Stack trace:
[16-Nov-2015 05:42:33 UTC] PHP   1. {main}() /home/ubuntu/workspace/wp-admin/admin-ajax.php:0
[16-Nov-2015 05:42:33 UTC] PHP   2. do_action() /home/ubuntu/workspace/wp-admin/admin-ajax.php:99
[16-Nov-2015 05:42:33 UTC] PHP   3. call_user_func_array:{/home/ubuntu/workspace/wp-includes/plugin.php:503}() /home/ubuntu/workspace/wp-includes/plugin.php:503
[16-Nov-2015 05:42:33 UTC] PHP   4. FormProcessor->ajax_login() /home/ubuntu/workspace/wp-includes/plugin.php:503
[16-Nov-2015 05:42:55 UTC] PHP Warning:  Attempt to assign property of non-object in /home/ubuntu/workspace/wp-content/plugins/form-processor/form-processor.php on line 53
[16-Nov-2015 05:42:55 UTC] PHP Stack trace:
[16-Nov-2015 05:42:55 UTC] PHP   1. {main}() /home/ubuntu/workspace/wp-admin/admin-ajax.php:0
[16-Nov-2015 05:42:55 UTC] PHP   2. do_action() /home/ubuntu/workspace/wp-admin/admin-ajax.php:99
[16-Nov-2015 05:42:55 UTC] PHP   3. call_user_func_array:{/home/ubuntu/workspace/wp-includes/plugin.php:503}() /home/ubuntu/workspace/wp-includes/plugin.php:503
[16-Nov-2015 05:42:55 UTC] PHP   4. FormProcessor->ajax_login() /home/ubuntu/workspace/wp-includes/plugin.php:503
[16-Nov-2015 05:45:36 UTC] PHP Fatal error:  Cannot use object of type stdClass as array in /home/ubuntu/workspace/wp-content/plugins/form-processor/form-processor.php on line 53
[16-Nov-2015 05:45:36 UTC] PHP Stack trace:
[16-Nov-2015 05:45:36 UTC] PHP   1. {main}() /home/ubuntu/workspace/wp-admin/admin-ajax.php:0
[16-Nov-2015 05:45:36 UTC] PHP   2. do_action() /home/ubuntu/workspace/wp-admin/admin-ajax.php:99
[16-Nov-2015 05:45:36 UTC] PHP   3. call_user_func_array:{/home/ubuntu/workspace/wp-includes/plugin.php:503}() /home/ubuntu/workspace/wp-includes/plugin.php:503
[16-Nov-2015 05:45:36 UTC] PHP   4. FormProcessor->ajax_login() /home/ubuntu/workspace/wp-includes/plugin.php:503
[16-Nov-2015 07:03:37 UTC] PHP Catchable fatal error:  Object of class WP_Error could not be converted to string in /home/ubuntu/workspace/wp-content/plugins/form-processor/form-processor.php on line 56
[16-Nov-2015 07:03:37 UTC] PHP Stack trace:
[16-Nov-2015 07:03:37 UTC] PHP   1. {main}() /home/ubuntu/workspace/wp-admin/admin-ajax.php:0
[16-Nov-2015 07:03:37 UTC] PHP   2. do_action() /home/ubuntu/workspace/wp-admin/admin-ajax.php:99
[16-Nov-2015 07:03:37 UTC] PHP   3. call_user_func_array:{/home/ubuntu/workspace/wp-includes/plugin.php:503}() /home/ubuntu/workspace/wp-includes/plugin.php:503
[16-Nov-2015 07:03:37 UTC] PHP   4. FormProcessor->ajax_login() /home/ubuntu/workspace/wp-includes/plugin.php:503
[16-Nov-2015 13:40:19 UTC] PHP Fatal error:  Call to undefined method wpdb::get_result() in /home/ubuntu/workspace/wp-content/plugins/form-processor/form-processor.php on line 43
[16-Nov-2015 13:40:19 UTC] PHP Stack trace:
[16-Nov-2015 13:40:19 UTC] PHP   1. {main}() /home/ubuntu/workspace/wp-admin/admin-ajax.php:0
[16-Nov-2015 13:40:19 UTC] PHP   2. do_action() /home/ubuntu/workspace/wp-admin/admin-ajax.php:89
[16-Nov-2015 13:40:19 UTC] PHP   3. call_user_func_array:{/home/ubuntu/workspace/wp-includes/plugin.php:503}() /home/ubuntu/workspace/wp-includes/plugin.php:503
[16-Nov-2015 13:40:19 UTC] PHP   4. FormProcessor->ajax_signup() /home/ubuntu/workspace/wp-includes/plugin.php:503
[16-Nov-2015 13:40:52 UTC] PHP Fatal error:  Call to undefined method wpdb::get_result() in /home/ubuntu/workspace/wp-content/plugins/form-processor/form-processor.php on line 43
[16-Nov-2015 13:40:52 UTC] PHP Stack trace:
[16-Nov-2015 13:40:52 UTC] PHP   1. {main}() /home/ubuntu/workspace/wp-admin/admin-ajax.php:0
[16-Nov-2015 13:40:52 UTC] PHP   2. do_action() /home/ubuntu/workspace/wp-admin/admin-ajax.php:89
[16-Nov-2015 13:40:52 UTC] PHP   3. call_user_func_array:{/home/ubuntu/workspace/wp-includes/plugin.php:503}() /home/ubuntu/workspace/wp-includes/plugin.php:503
[16-Nov-2015 13:40:52 UTC] PHP   4. FormProcessor->ajax_signup() /home/ubuntu/workspace/wp-includes/plugin.php:503
[16-Nov-2015 13:43:30 UTC] PHP Fatal error:  Call to undefined method wpdb::get_result() in /home/ubuntu/workspace/wp-content/plugins/form-processor/form-processor.php on line 43
[16-Nov-2015 13:43:30 UTC] PHP Stack trace:
[16-Nov-2015 13:43:30 UTC] PHP   1. {main}() /home/ubuntu/workspace/wp-admin/admin-ajax.php:0
[16-Nov-2015 13:43:30 UTC] PHP   2. do_action() /home/ubuntu/workspace/wp-admin/admin-ajax.php:89
[16-Nov-2015 13:43:30 UTC] PHP   3. call_user_func_array:{/home/ubuntu/workspace/wp-includes/plugin.php:503}() /home/ubuntu/workspace/wp-includes/plugin.php:503
[16-Nov-2015 13:43:30 UTC] PHP   4. FormProcessor->ajax_signup() /home/ubuntu/workspace/wp-includes/plugin.php:503
[16-Nov-2015 13:43:54 UTC] PHP Fatal error:  Call to undefined method wpdb::get_result() in /home/ubuntu/workspace/wp-content/plugins/form-processor/form-processor.php on line 43
[16-Nov-2015 13:43:54 UTC] PHP Stack trace:
[16-Nov-2015 13:43:54 UTC] PHP   1. {main}() /home/ubuntu/workspace/wp-admin/admin-ajax.php:0
[16-Nov-2015 13:43:54 UTC] PHP   2. do_action() /home/ubuntu/workspace/wp-admin/admin-ajax.php:89
[16-Nov-2015 13:43:54 UTC] PHP   3. call_user_func_array:{/home/ubuntu/workspace/wp-includes/plugin.php:503}() /home/ubuntu/workspace/wp-includes/plugin.php:503
[16-Nov-2015 13:43:54 UTC] PHP   4. FormProcessor->ajax_signup() /home/ubuntu/workspace/wp-includes/plugin.php:503
[16-Nov-2015 13:43:57 UTC] PHP Fatal error:  Call to undefined method wpdb::get_result() in /home/ubuntu/workspace/wp-content/plugins/form-processor/form-processor.php on line 43
[16-Nov-2015 13:43:57 UTC] PHP Stack trace:
[16-Nov-2015 13:43:57 UTC] PHP   1. {main}() /home/ubuntu/workspace/wp-admin/admin-ajax.php:0
[16-Nov-2015 13:43:57 UTC] PHP   2. do_action() /home/ubuntu/workspace/wp-admin/admin-ajax.php:89
[16-Nov-2015 13:43:57 UTC] PHP   3. call_user_func_array:{/home/ubuntu/workspace/wp-includes/plugin.php:503}() /home/ubuntu/workspace/wp-includes/plugin.php:503
[16-Nov-2015 13:43:57 UTC] PHP   4. FormProcessor->ajax_signup() /home/ubuntu/workspace/wp-includes/plugin.php:503
[16-Nov-2015 13:51:56 UTC] PHP Fatal error:  Call to undefined method wpdb::get_result() in /home/ubuntu/workspace/wp-content/plugins/form-processor/form-processor.php on line 44
[16-Nov-2015 13:51:56 UTC] PHP Stack trace:
[16-Nov-2015 13:51:56 UTC] PHP   1. {main}() /home/ubuntu/workspace/wp-admin/admin-ajax.php:0
[16-Nov-2015 13:51:56 UTC] PHP   2. do_action() /home/ubuntu/workspace/wp-admin/admin-ajax.php:89
[16-Nov-2015 13:51:56 UTC] PHP   3. call_user_func_array:{/home/ubuntu/workspace/wp-includes/plugin.php:503}() /home/ubuntu/workspace/wp-includes/plugin.php:503
[16-Nov-2015 13:51:56 UTC] PHP   4. FormProcessor->ajax_signup() /home/ubuntu/workspace/wp-includes/plugin.php:503
[16-Nov-2015 13:52:12 UTC] PHP Fatal error:  Call to undefined method wpdb::get_result() in /home/ubuntu/workspace/wp-content/plugins/form-processor/form-processor.php on line 44
[16-Nov-2015 13:52:12 UTC] PHP Stack trace:
[16-Nov-2015 13:52:12 UTC] PHP   1. {main}() /home/ubuntu/workspace/wp-admin/admin-ajax.php:0
[16-Nov-2015 13:52:12 UTC] PHP   2. do_action() /home/ubuntu/workspace/wp-admin/admin-ajax.php:89
[16-Nov-2015 13:52:12 UTC] PHP   3. call_user_func_array:{/home/ubuntu/workspace/wp-includes/plugin.php:503}() /home/ubuntu/workspace/wp-includes/plugin.php:503
[16-Nov-2015 13:52:12 UTC] PHP   4. FormProcessor->ajax_signup() /home/ubuntu/workspace/wp-includes/plugin.php:503
[16-Nov-2015 13:52:18 UTC] PHP Fatal error:  Call to undefined method wpdb::get_result() in /home/ubuntu/workspace/wp-content/plugins/form-processor/form-processor.php on line 44
[16-Nov-2015 13:52:18 UTC] PHP Stack trace:
[16-Nov-2015 13:52:18 UTC] PHP   1. {main}() /home/ubuntu/workspace/wp-admin/admin-ajax.php:0
[16-Nov-2015 13:52:18 UTC] PHP   2. do_action() /home/ubuntu/workspace/wp-admin/admin-ajax.php:89
[16-Nov-2015 13:52:18 UTC] PHP   3. call_user_func_array:{/home/ubuntu/workspace/wp-includes/plugin.php:503}() /home/ubuntu/workspace/wp-includes/plugin.php:503
[16-Nov-2015 13:52:18 UTC] PHP   4. FormProcessor->ajax_signup() /home/ubuntu/workspace/wp-includes/plugin.php:503
